[debug] [2022-04-05T10:20:20.402Z] ----------------------------------------------------------------------
[debug] [2022-04-05T10:20:20.409Z] Command:       C:\Program Files\nodejs\node.exe C:\Users\Naykie\AppData\Roaming\npm\node_modules\firebase-tools\lib\bin\firebase.js init hosting
[debug] [2022-04-05T10:20:20.412Z] CLI Version:   10.6.0
[debug] [2022-04-05T10:20:20.412Z] Platform:      win32
[debug] [2022-04-05T10:20:20.413Z] Node Version:  v16.14.2
[debug] [2022-04-05T10:20:20.416Z] Time:          Tue Apr 05 2022 12:20:20 GMT+0200 (South Africa Standard Time)
[debug] [2022-04-05T10:20:20.417Z] ----------------------------------------------------------------------
[debug] 
[debug] [2022-04-05T10:20:20.445Z] > command requires scopes: ["email","openid","https://www.googleapis.com/auth/cloudplatformprojects.readonly","https://www.googleapis.com/auth/firebase","https://www.googleapis.com/auth/cloud-platform"]
[debug] [2022-04-05T10:20:20.447Z] > authorizing via signed-in user (zharnedesember@gmail.com)
[info] 
     ######## #### ########  ######## ########     ###     ######  ########
     ##        ##  ##     ## ##       ##     ##  ##   ##  ##       ##
     ######    ##  ########  ######   ########  #########  ######  ######
     ##        ##  ##    ##  ##       ##     ## ##     ##       ## ##
     ##       #### ##     ## ######## ########  ##     ##  ######  ########

You're about to initialize a Firebase project in this directory:

  C:\Users\Naykie\Desktop\Portfolio-26be1b4697071dcb9e1354be1edcefe3a42e03b2

[info] 
=== Project Setup
[info] 
[info] First, let's associate this project directory with a Firebase project.
[info] You can create multiple project aliases by running firebase use --add, 
[info] but for now we'll just set up a default project.
[info] 
[info] i  If you want to create a project in a Google Cloud organization or folder, please use "firebase projects:create" instead, and return to this command when you've created the project. 
[debug] [2022-04-05T10:21:38.286Z] ----------------------------------------------------------------------
[debug] [2022-04-05T10:21:38.293Z] Command:       C:\Program Files\nodejs\node.exe C:\Users\Naykie\AppData\Roaming\npm\node_modules\firebase-tools\lib\bin\firebase.js init hosting
[debug] [2022-04-05T10:21:38.295Z] CLI Version:   10.6.0
[debug] [2022-04-05T10:21:38.296Z] Platform:      win32
[debug] [2022-04-05T10:21:38.296Z] Node Version:  v16.14.2
[debug] [2022-04-05T10:21:38.300Z] Time:          Tue Apr 05 2022 12:21:38 GMT+0200 (South Africa Standard Time)
[debug] [2022-04-05T10:21:38.301Z] ----------------------------------------------------------------------
[debug] 
[debug] [2022-04-05T10:21:38.335Z] > command requires scopes: ["email","openid","https://www.googleapis.com/auth/cloudplatformprojects.readonly","https://www.googleapis.com/auth/firebase","https://www.googleapis.com/auth/cloud-platform"]
[debug] [2022-04-05T10:21:38.336Z] > authorizing via signed-in user (zharnedesember@gmail.com)
[info] 
     ######## #### ########  ######## ########     ###     ######  ########
     ##        ##  ##     ## ##       ##     ##  ##   ##  ##       ##
     ######    ##  ########  ######   ########  #########  ######  ######
     ##        ##  ##    ##  ##       ##     ## ##     ##       ## ##
     ##       #### ##     ## ######## ########  ##     ##  ######  ########

You're about to initialize a Firebase project in this directory:

  C:\Users\Naykie\Desktop\Portfolio-26be1b4697071dcb9e1354be1edcefe3a42e03b2

[info] 
=== Project Setup
[info] 
[info] First, let's associate this project directory with a Firebase project.
[info] You can create multiple project aliases by running firebase use --add, 
[info] but for now we'll just set up a default project.
[info] 
[debug] [2022-04-05T10:21:51.802Z] >>> [apiv2][query] GET https://firebase.googleapis.com/v1beta1/projects pageSize=100
[debug] [2022-04-05T10:21:52.961Z] <<< [apiv2][status] GET https://firebase.googleapis.com/v1beta1/projects 200
[debug] [2022-04-05T10:21:52.962Z] <<< [apiv2][body] GET https://firebase.googleapis.com/v1beta1/projects [omitted]
